
main jpeg_std_error 1

main jpeg_CreateCompress 1

jpeg_CreateCompress llvm.memset.p0i8.i64 1

jpeg_get_small malloc 1

jinit_memory_mgr getenv 1

main jpeg_set_defaults 1

jpeg_set_defaults jpeg_set_quality 1

jpeg_set_quality jpeg_quality_scaling 1

jpeg_set_quality jpeg_set_linear_quality 1

jpeg_set_linear_quality jpeg_add_quant_table 1

jpeg_set_defaults std_huff_tables 1

std_huff_tables add_huff_table 1

add_huff_table llvm.memcpy.p0i8.p0i8.i64 1

jpeg_set_defaults jpeg_default_colorspace 1

jpeg_default_colorspace jpeg_set_colorspace 1

main parse_switches 1

parse_switches keymatch 1

keymatch __ctype_b_loc 1



main fopen 1

main write_stdout 1

main select_file_type 1

select_file_type _IO_getc 1

select_file_type ungetc 1

select_file_type jinit_read_ppm 1

start_input_ppm _IO_getc 1

start_input_ppm read_pbm_integer 1

read_pbm_integer pbm_getc 1

pbm_getc _IO_getc 1



main jpeg_default_colorspace 1

parse_switches jpeg_set_quality 1

parse_switches jpeg_simple_progression 1

jpeg_simple_progression fill_dc_scans 1

jpeg_simple_progression fill_a_scan 1

main jpeg_stdio_dest 1

jinit_c_master_control initial_setup 1

initial_setup jdiv_round_up 1


jinit_c_master_control validate_script 1

jinit_compress_master jinit_color_converter 1

jinit_compress_master jinit_downsampler 1

alloc_sarray alloc_small 1

alloc_sarray alloc_large 1

jpeg_get_large malloc 1

jinit_compress_master jinit_phuff_encoder 1

jinit_c_coef_controller jround_up 1

request_virt_barray alloc_small 1

realize_virt_arrays alloc_barray 1

alloc_barray alloc_small 1

alloc_barray alloc_large 1

write_file_header emit_marker 1

emit_marker emit_byte 1

write_file_header emit_jfif_app0 1

emit_jfif_app0 emit_marker 1

emit_jfif_app0 emit_2bytes 1

emit_2bytes emit_byte 1

emit_jfif_app0 emit_byte 1


prepare_for_pass select_scan_parameters 1

prepare_for_pass per_scan_setup 1

per_scan_setup jdiv_round_up 1

start_pass_phuff llvm.memset.p0i8.i64 1

start_pass_coef start_iMCU_row 1

get_raw_row fread 1

fullsize_downsample jcopy_sample_rows 1

jcopy_sample_rows llvm.memcpy.p0i8.p0i8.i64 1

fullsize_downsample expand_right_edge 1

h2v2_downsample expand_right_edge 1




compress_first_pass jzero_far 1

jzero_far llvm.memset.p0i8.i64 1

compress_first_pass compress_output 1

encode_mcu_DC_first emit_symbol 1

encode_mcu_DC_first emit_bits40 1



compress_output start_iMCU_row 1




rt_iMCU_row 190

pre_process_data expand_bottom_edge 6

expand_bottom_edge jcopy_sample_rows 23

main jpeg_finish_compress 1

finish_pass_gather_phuff emit_eobrun 9

finish_pass_gather_phuff llvm.memset.p0i8.i64 9

jpeg_gen_optimal_table llvm.memset.p0i8.i64 20

jpeg_gen_optimal_table llvm.memcpy.p0i8.p0i8.i64 10

jpeg_make_c_derived_tbl llvm.memset.p0i8.i64 11

write_frame_header emit_dqt 3

emit_dqt emit_marker 2

emit_dqt emit_2bytes 2

emit_dqt emit_byte 130

write_frame_header emit_sof 1

emit_sof emit_marker 1

emit_sof emit_2bytes 3

emit_sof emit_byte 11

write_scan_header emit_dht 11

emit_dht emit_marker 10

emit_dht emit_2bytes 10

emit_dht emit_byte 324

write_scan_header emit_sos 10

emit_sos emit_marker 10

emit_sos emit_2bytes 10

emit_sos emit_byte 68

emit_symbol emit_bits40 8973

finish_pass_phuff emit_eobrun 10

finish_pass_phuff flush_bits39 10

flush_bits39 emit_bits40 10

encode_mcu_AC_first emit_eobrun 1154

emit_eobrun emit_symbol 3622

emit_eobrun emit_bits40 636

emit_eobrun emit_buffered_bits 3622

encode_mcu_AC_first emit_symbol 3454

encode_mcu_AC_first emit_bits40 3454

encode_mcu_AC_refine emit_eobrun 9070

encode_mcu_AC_refine emit_symbol 9070

encode_mcu_AC_refine emit_bits40 9062

encode_mcu_AC_refine emit_buffered_bits 9070

emit_buffered_bits emit_bits40 4208

encode_mcu_DC_refine emit_bits40 900

emit_bits40 dump_buffer41 1

empty_output_buffer fwrite 1

write_file_trailer emit_marker 1

term_destination fwrite 1

term_destination fflush 1

term_destination ferror 1

jpeg_free_large free 9

jpeg_free_small free 5

main jpeg_destroy_compress 1

self_destruct free_pool 2

main fclose 1

main exit 1
